<?xml version="1.0" encoding="UTF-8"?>
<testng-results skipped="0" failed="0" ignored="0" total="1" passed="1">
  <reporter-output>
  </reporter-output>
  <suite name="Default suite" duration-ms="92" started-at="2021-12-13T12:51:59 IST" finished-at="2021-12-13T12:51:59 IST">
    <groups>
    </groups>
    <test name="Default test" duration-ms="92" started-at="2021-12-13T12:51:59 IST" finished-at="2021-12-13T12:51:59 IST">
      <class name="com.Vtiger.Tester1">
        <test-method status="PASS" signature="test()[pri:0, instance:com.Vtiger.Tester1@6c49835d]" name="test" duration-ms="14" started-at="2021-12-13T12:51:59 IST" finished-at="2021-12-13T12:51:59 IST">
          <reporter-output>
          </reporter-output>
        </test-method> <!-- test -->
      </class> <!-- com.Vtiger.Tester1 -->
    </test> <!-- Default test -->
  </suite> <!-- Default suite -->
</testng-results>
